[debug] [2023-11-06T10:25:33.815Z] ----------------------------------------------------------------------
[debug] [2023-11-06T10:25:33.818Z] Command:       /Users/sudhansom/.nvm/versions/node/v16.15.0/bin/node /Users/sudhansom/.nvm/versions/node/v16.15.0/bin/firebase init
[debug] [2023-11-06T10:25:33.819Z] CLI Version:   12.5.2
[debug] [2023-11-06T10:25:33.820Z] Platform:      darwin
[debug] [2023-11-06T10:25:33.820Z] Node Version:  v16.15.0
[debug] [2023-11-06T10:25:33.821Z] Time:          Mon Nov 06 2023 11:25:33 GMT+0100 (Central European Standard Time)
[debug] [2023-11-06T10:25:33.822Z] ----------------------------------------------------------------------
[debug] 
[debug] [2023-11-06T10:25:33.938Z] > command requires scopes: ["email","openid","https://www.googleapis.com/auth/cloudplatformprojects.readonly","https://www.googleapis.com/auth/firebase","https://www.googleapis.com/auth/cloud-platform"]
[debug] [2023-11-06T10:25:33.938Z] > authorizing via signed-in user (gyawalisuchitra@gmail.com)
[info] 
     ######## #### ########  ######## ########     ###     ######  ########
     ##        ##  ##     ## ##       ##     ##  ##   ##  ##       ##
     ######    ##  ########  ######   ########  #########  ######  ######
     ##        ##  ##    ##  ##       ##     ## ##     ##       ## ##
     ##       #### ##     ## ######## ########  ##     ##  ######  ########

You're about to initialize a Firebase project in this directory:

  /Users/sudhansom/Desktop/projects/integrify-angular/budget-app

Before we get started, keep in mind:

  * You are initializing within an existing Firebase project directory

[info] 
=== Project Setup
[info] 
[info] First, let's associate this project directory with a Firebase project.
[info] You can create multiple project aliases by running firebase use --add, 
[info] but for now we'll just set up a default project.
[info] 
[debug] [2023-11-06T10:25:44.949Z] Using project from CLI flag: abcd-d4c9f
[debug] [2023-11-06T10:25:44.952Z] >>> [apiv2][query] GET https://firebase.googleapis.com/v1beta1/projects/abcd-d4c9f [none]
[debug] [2023-11-06T10:25:45.536Z] <<< [apiv2][status] GET https://firebase.googleapis.com/v1beta1/projects/abcd-d4c9f 403
[debug] [2023-11-06T10:25:45.536Z] <<< [apiv2][body] GET https://firebase.googleapis.com/v1beta1/projects/abcd-d4c9f {"error":{"code":403,"message":"The caller does not have permission","status":"PERMISSION_DENIED"}}
[debug] [2023-11-06T10:25:45.537Z] HTTP Error: 403, The caller does not have permission
[debug] [2023-11-06T10:25:45.715Z] FirebaseError: HTTP Error: 403, The caller does not have permission
    at responseToError (/Users/sudhansom/.nvm/versions/node/v16.15.0/lib/node_modules/firebase-tools/lib/responseToError.js:49:12)
    at RetryOperation._fn (/Users/sudhansom/.nvm/versions/node/v16.15.0/lib/node_modules/firebase-tools/lib/apiv2.js:285:77)
    at processTicksAndRejections (node:internal/process/task_queues:96:5)
[error] 
[error] Error: Failed to get Firebase project abcd-d4c9f. Please make sure the project exists and your account has permission to access it.
